INFO  [2024-05-29 04:11:04,685] io.dropwizard.core.server.DefaultServerFactory: Registering jersey handler with root path prefix: /
INFO  [2024-05-29 04:11:04,692] io.dropwizard.core.server.DefaultServerFactory: Registering admin handler with root path prefix: /
INFO  [2024-05-29 04:11:05,206] io.dropwizard.core.server.ServerFactory: Starting restaurant_business_system
================================================================================

                              restaurant_business_system

================================================================================

INFO  [2024-05-29 04:11:05,344] org.eclipse.jetty.setuid.SetUIDListener: Opened application@644ded04{HTTP/1.1, (http/1.1)}{0.0.0.0:8080}
INFO  [2024-05-29 04:11:05,345] org.eclipse.jetty.setuid.SetUIDListener: Opened admin@5292ceca{HTTP/1.1, (http/1.1)}{0.0.0.0:8081}
INFO  [2024-05-29 04:11:05,347] org.eclipse.jetty.server.Server: jetty-11.0.20; built: 2024-01-29T21:04:22.394Z; git: 922f8dc188f7011e60d0361de585fd4ac4d63064; jvm 21.0.2+13-LTS-58
INFO  [2024-05-29 04:11:07,051] io.dropwizard.jersey.DropwizardResourceConfig: The following paths were found for the configured resources:

    POST    /account/register (restaurant_business_system.api.AccountAPI)
    POST    /bills/checkOrCreate (restaurant_business_system.api.BillAPI)
    GET     /bills/get (restaurant_business_system.api.BillAPI)
    POST    /bills/order (restaurant_business_system.api.BillAPI)
    POST    /food/create (restaurant_business_system.api.FoodApi)
    GET     /food/delete (restaurant_business_system.api.FoodApi)
    GET     /food/delete-all (restaurant_business_system.api.FoodApi)
    GET     /food/get (restaurant_business_system.api.FoodApi)
    POST    /food/upadte (restaurant_business_system.api.FoodApi)
    POST    /menu/create (restaurant_business_system.api.MenuAPI)
    GET     /menu/delete (restaurant_business_system.api.MenuAPI)
    GET     /menu/get (restaurant_business_system.api.MenuAPI)
    POST    /menu/update-name (restaurant_business_system.api.MenuAPI)
    POST    /restaurant/create (restaurant_business_system.api.RestaurantAPI)
    GET     /restaurant/delete (restaurant_business_system.api.RestaurantAPI)
    GET     /restaurant/get (restaurant_business_system.api.RestaurantAPI)
    POST    /restaurant/update-name (restaurant_business_system.api.RestaurantAPI)
    POST    /table/create (restaurant_business_system.api.TableAPI)
    GET     /table/delete (restaurant_business_system.api.TableAPI)
    GET     /table/get (restaurant_business_system.api.TableAPI)

INFO  [2024-05-29 04:11:07,054] org.eclipse.jetty.server.handler.ContextHandler: Started i.d.j.MutableServletContextHandler@3e9beef2{/,null,AVAILABLE}
INFO  [2024-05-29 04:11:07,060] io.dropwizard.core.setup.AdminEnvironment: tasks = 

    POST    /tasks/log-level (io.dropwizard.servlets.tasks.LogConfigurationTask)
    POST    /tasks/gc (io.dropwizard.servlets.tasks.GarbageCollectionTask)

INFO  [2024-05-29 04:11:07,061] org.eclipse.jetty.server.handler.ContextHandler: Started i.d.j.MutableServletContextHandler@3030836d{/,null,AVAILABLE}
INFO  [2024-05-29 04:11:07,108] org.eclipse.jetty.server.AbstractConnector: Started application@644ded04{HTTP/1.1, (http/1.1)}{0.0.0.0:8080}
INFO  [2024-05-29 04:11:07,115] org.eclipse.jetty.server.AbstractConnector: Started admin@5292ceca{HTTP/1.1, (http/1.1)}{0.0.0.0:8081}
INFO  [2024-05-29 04:11:07,117] org.eclipse.jetty.server.Server: Started Server@72f9f27c{STARTING}[11.0.20,sto=30000] @4940ms
INFO  [2024-05-29 05:27:17,728] org.eclipse.jetty.server.Server: Stopped Server@72f9f27c{STOPPING}[11.0.20,sto=30000]
INFO  [2024-05-29 05:27:17,745] org.eclipse.jetty.server.Server: Shutdown Server@72f9f27c{STOPPING}[11.0.20,sto=30000]
INFO  [2024-05-29 05:27:17,914] org.eclipse.jetty.server.AbstractConnector: Stopped application@644ded04{HTTP/1.1, (http/1.1)}{0.0.0.0:8080}
INFO  [2024-05-29 05:27:17,922] org.eclipse.jetty.server.AbstractConnector: Stopped admin@5292ceca{HTTP/1.1, (http/1.1)}{0.0.0.0:8081}
INFO  [2024-05-29 05:27:17,975] org.eclipse.jetty.server.handler.ContextHandler: Stopped i.d.j.MutableServletContextHandler@3030836d{/,null,STOPPED}
INFO  [2024-05-29 05:27:18,155] org.eclipse.jetty.server.handler.ContextHandler: Stopped i.d.j.MutableServletContextHandler@3e9beef2{/,null,STOPPED}
INFO  [2024-05-29 06:46:24,530] io.dropwizard.core.server.DefaultServerFactory: Registering jersey handler with root path prefix: /
INFO  [2024-05-29 06:46:24,533] io.dropwizard.core.server.DefaultServerFactory: Registering admin handler with root path prefix: /
INFO  [2024-05-29 06:46:24,845] io.dropwizard.core.server.ServerFactory: Starting restaurant_business_system
================================================================================

                              restaurant_business_system

================================================================================

INFO  [2024-05-29 06:46:24,944] org.eclipse.jetty.setuid.SetUIDListener: Opened application@13d9261f{HTTP/1.1, (http/1.1)}{0.0.0.0:8080}
INFO  [2024-05-29 06:46:24,944] org.eclipse.jetty.setuid.SetUIDListener: Opened admin@e9ef5b6{HTTP/1.1, (http/1.1)}{0.0.0.0:8081}
INFO  [2024-05-29 06:46:24,946] org.eclipse.jetty.server.Server: jetty-11.0.20; built: 2024-01-29T21:04:22.394Z; git: 922f8dc188f7011e60d0361de585fd4ac4d63064; jvm 21.0.2+13-LTS-58
INFO  [2024-05-29 06:46:26,087] io.dropwizard.jersey.DropwizardResourceConfig: The following paths were found for the configured resources:

    POST    /account/register (restaurant_business_system.api.AccountAPI)
    POST    /bills/checkOrCreate (restaurant_business_system.api.BillAPI)
    GET     /bills/get (restaurant_business_system.api.BillAPI)
    POST    /bills/order (restaurant_business_system.api.BillAPI)
    POST    /food/create (restaurant_business_system.api.FoodApi)
    GET     /food/delete (restaurant_business_system.api.FoodApi)
    GET     /food/delete-all (restaurant_business_system.api.FoodApi)
    GET     /food/get (restaurant_business_system.api.FoodApi)
    POST    /food/upadte (restaurant_business_system.api.FoodApi)
    POST    /menu/create (restaurant_business_system.api.MenuAPI)
    GET     /menu/delete (restaurant_business_system.api.MenuAPI)
    GET     /menu/get (restaurant_business_system.api.MenuAPI)
    POST    /menu/update-name (restaurant_business_system.api.MenuAPI)
    POST    /restaurant/create (restaurant_business_system.api.RestaurantAPI)
    GET     /restaurant/delete (restaurant_business_system.api.RestaurantAPI)
    GET     /restaurant/get (restaurant_business_system.api.RestaurantAPI)
    POST    /restaurant/update-name (restaurant_business_system.api.RestaurantAPI)
    POST    /table/create (restaurant_business_system.api.TableAPI)
    GET     /table/delete (restaurant_business_system.api.TableAPI)
    GET     /table/get (restaurant_business_system.api.TableAPI)

INFO  [2024-05-29 06:46:26,091] org.eclipse.jetty.server.handler.ContextHandler: Started i.d.j.MutableServletContextHandler@19002b34{/,null,AVAILABLE}
INFO  [2024-05-29 06:46:26,096] io.dropwizard.core.setup.AdminEnvironment: tasks = 

    POST    /tasks/log-level (io.dropwizard.servlets.tasks.LogConfigurationTask)
    POST    /tasks/gc (io.dropwizard.servlets.tasks.GarbageCollectionTask)

INFO  [2024-05-29 06:46:26,096] org.eclipse.jetty.server.handler.ContextHandler: Started i.d.j.MutableServletContextHandler@69d103f0{/,null,AVAILABLE}
INFO  [2024-05-29 06:46:26,122] org.eclipse.jetty.server.AbstractConnector: Started application@13d9261f{HTTP/1.1, (http/1.1)}{0.0.0.0:8080}
INFO  [2024-05-29 06:46:26,137] org.eclipse.jetty.server.AbstractConnector: Started admin@e9ef5b6{HTTP/1.1, (http/1.1)}{0.0.0.0:8081}
INFO  [2024-05-29 06:46:26,147] org.eclipse.jetty.server.Server: Started Server@6caf7803{STARTING}[11.0.20,sto=30000] @3365ms
INFO  [2024-05-29 09:12:01,099] org.eclipse.jetty.server.Server: Stopped Server@6caf7803{STOPPING}[11.0.20,sto=30000]
INFO  [2024-05-29 09:12:01,267] org.eclipse.jetty.server.Server: Shutdown Server@6caf7803{STOPPING}[11.0.20,sto=30000]
INFO  [2024-05-29 09:12:02,528] org.eclipse.jetty.server.AbstractConnector: Stopped application@13d9261f{HTTP/1.1, (http/1.1)}{0.0.0.0:8080}
INFO  [2024-05-29 09:12:02,552] org.eclipse.jetty.server.AbstractConnector: Stopped admin@e9ef5b6{HTTP/1.1, (http/1.1)}{0.0.0.0:8081}
INFO  [2024-05-29 09:12:02,689] org.eclipse.jetty.server.handler.ContextHandler: Stopped i.d.j.MutableServletContextHandler@69d103f0{/,null,STOPPED}
INFO  [2024-05-29 09:12:03,446] org.eclipse.jetty.server.handler.ContextHandler: Stopped i.d.j.MutableServletContextHandler@19002b34{/,null,STOPPED}
